<?xml version="1.0" encoding="UTF-8"?>
<!-- Generated by org.testng.reporters.JUnitXMLReporter -->
<testsuite hostname="DESKTOP-AKGR4NQ" failures="0" tests="10" name="Default test" time="0.074" errors="0" timestamp="4 Feb 2021 06:46:42 GMT">
  <testcase classname="tests.TestCases" name="@BeforeTest driverSetUp" time="0.0">
    <failure type="org.testng.TestNGException" message="
Parameter &amp;apos;browserName&amp;apos; is required by @Configuration on method driverSetUp but has not been marked @Optional or defined
in C:\Users\divya\AppData\Local\Temp\testng-eclipse--12164356\testng-customsuite.xml">
      <![CDATA[org.testng.TestNGException: 
Parameter 'browserName' is required by @Configuration on method driverSetUp but has not been marked @Optional or defined
in C:\Users\divya\AppData\Local\Temp\testng-eclipse--12164356\testng-customsuite.xml
	at org.testng.internal.Parameters.createParameters(Parameters.java:154)
	at org.testng.internal.Parameters.createParameters(Parameters.java:361)
	at org.testng.internal.Parameters.createConfigurationParameters(Parameters.java:84)
	at org.testng.internal.Invoker.invokeConfigurations(Invoker.java:201)
	at org.testng.internal.Invoker.invokeConfigurations(Invoker.java:142)
	at org.testng.TestRunner.beforeRun(TestRunner.java:656)
	at org.testng.TestRunner.run(TestRunner.java:624)
	at org.testng.SuiteRunner.runTest(SuiteRunner.java:366)
	at org.testng.SuiteRunner.runSequentially(SuiteRunner.java:361)
	at org.testng.SuiteRunner.privateRun(SuiteRunner.java:319)
	at org.testng.SuiteRunner.run(SuiteRunner.java:268)
	at org.testng.SuiteRunnerWorker.runSuite(SuiteRunnerWorker.java:52)
	at org.testng.SuiteRunnerWorker.run(SuiteRunnerWorker.java:86)
	at org.testng.TestNG.runSuitesSequentially(TestNG.java:1244)
	at org.testng.TestNG.runSuitesLocally(TestNG.java:1169)
	at org.testng.TestNG.run(TestNG.java:1064)
	at org.testng.remote.AbstractRemoteTestNG.run(AbstractRemoteTestNG.java:115)
	at org.testng.remote.RemoteTestNG.initAndRun(RemoteTestNG.java:251)
	at org.testng.remote.RemoteTestNG.main(RemoteTestNG.java:77)
]]>
    </failure>
  </testcase> <!-- @BeforeTest driverSetUp -->
  <testcase classname="tests.TestCases" name="handleCookiesPopUp" time="0.009">
    <skipped/>
  </testcase> <!-- handleCookiesPopUp -->
  <testcase classname="tests.TestCases" name="validateHomePages" time="0.001">
    <skipped/>
  </testcase> <!-- validateHomePages -->
  <testcase classname="tests.TestCases" name="enterCityNameClickSearch" time="0.001">
    <skipped/>
  </testcase> <!-- enterCityNameClickSearch -->
  <testcase classname="tests.TestCases" name="validateListingPages" time="0.001">
    <skipped/>
  </testcase> <!-- validateListingPages -->
  <testcase classname="tests.TestCases" name="sortProperty" time="0.002">
    <skipped/>
  </testcase> <!-- sortProperty -->
  <testcase classname="tests.TestCases" name="getPropertyList" time="0.001">
    <skipped/>
  </testcase> <!-- getPropertyList -->
  <testcase classname="tests.TestCases" name="findProperty" time="0.001">
    <skipped/>
  </testcase> <!-- findProperty -->
  <testcase classname="tests.TestCases" name="AgentDetails" time="0.0">
    <skipped/>
  </testcase> <!-- AgentDetails -->
  <testcase classname="tests.TestCases" name="verifyAgent" time="0.0">
    <skipped/>
  </testcase> <!-- verifyAgent -->
  <testcase classname="tests.TestCases" name="tearDown" time="0.001">
    <skipped/>
  </testcase> <!-- tearDown -->
</testsuite> <!-- Default test -->
