<?xml version="1.0" encoding="UTF-8"?>
<!-- Generated by org.testng.reporters.JUnitXMLReporter -->
<testsuite hostname="DESKTOP-AKGR4NQ" failures="9" tests="10" name="ChromeBrowserTest" time="15.186" errors="0" timestamp="4 Feb 2021 06:47:21 GMT">
  <testcase classname="tests.TestCases" name="handleCookiesPopUp" time="0.559">
    <failure type="java.lang.IllegalAccessError" message="class pages.HomePage (in unnamed module @0x1e16c0aa) cannot access class jdk.internal.jline.internal.Log (in module jdk.internal.le) because module jdk.internal.le does not export jdk.internal.jline.internal to unnamed module @0x1e16c0aa">
      <![CDATA[java.lang.IllegalAccessError: class pages.HomePage (in unnamed module @0x1e16c0aa) cannot access class jdk.internal.jline.internal.Log (in module jdk.internal.le) because module jdk.internal.le does not export jdk.internal.jline.internal to unnamed module @0x1e16c0aa
	at pages.HomePage.CookiePopUp(HomePage.java:31)
	at tests.TestCases.handleCookiesPopUp(TestCases.java:50)
... Removed 24 stack frames]]>
    </failure>
  </testcase> <!-- handleCookiesPopUp -->
  <testcase classname="tests.TestCases" name="validateHomePages" time="0.042">
    <failure type="java.lang.IllegalAccessError" message="class pages.HomePage (in unnamed module @0x1e16c0aa) cannot access class jdk.internal.jline.internal.Log (in module jdk.internal.le) because module jdk.internal.le does not export jdk.internal.jline.internal to unnamed module @0x1e16c0aa">
      <![CDATA[java.lang.IllegalAccessError: class pages.HomePage (in unnamed module @0x1e16c0aa) cannot access class jdk.internal.jline.internal.Log (in module jdk.internal.le) because module jdk.internal.le does not export jdk.internal.jline.internal to unnamed module @0x1e16c0aa
	at pages.HomePage.validateHomePage(HomePage.java:43)
	at tests.TestCases.validateHomePages(TestCases.java:58)
... Removed 24 stack frames]]>
    </failure>
  </testcase> <!-- validateHomePages -->
  <testcase classname="tests.TestCases" name="enterCityNameClickSearch" time="0.254">
    <failure type="java.lang.IllegalAccessError" message="class pages.HomePage (in unnamed module @0x1e16c0aa) cannot access class jdk.internal.jline.internal.Log (in module jdk.internal.le) because module jdk.internal.le does not export jdk.internal.jline.internal to unnamed module @0x1e16c0aa">
      <![CDATA[java.lang.IllegalAccessError: class pages.HomePage (in unnamed module @0x1e16c0aa) cannot access class jdk.internal.jline.internal.Log (in module jdk.internal.le) because module jdk.internal.le does not export jdk.internal.jline.internal to unnamed module @0x1e16c0aa
	at pages.HomePage.enterTextSearchBox(HomePage.java:49)
	at tests.TestCases.enterCityNameClickSearch(TestCases.java:66)
... Removed 24 stack frames]]>
    </failure>
  </testcase> <!-- enterCityNameClickSearch -->
  <testcase classname="tests.TestCases" name="validateListingPages" time="0.008">
    <failure type="java.lang.NullPointerException">
      <![CDATA[java.lang.NullPointerException
	at tests.TestCases.validateListingPages(TestCases.java:76)
... Removed 24 stack frames]]>
    </failure>
  </testcase> <!-- validateListingPages -->
  <testcase classname="tests.TestCases" name="sortProperty" time="0.0">
    <failure type="java.lang.NullPointerException">
      <![CDATA[java.lang.NullPointerException
	at tests.TestCases.sortProperty(TestCases.java:85)
... Removed 24 stack frames]]>
    </failure>
  </testcase> <!-- sortProperty -->
  <testcase classname="tests.TestCases" name="getPropertyList" time="0.005">
    <failure type="java.lang.NullPointerException">
      <![CDATA[java.lang.NullPointerException
	at tests.TestCases.getPropertyList(TestCases.java:94)
... Removed 24 stack frames]]>
    </failure>
  </testcase> <!-- getPropertyList -->
  <testcase classname="tests.TestCases" name="findProperty" time="0.002">
    <failure type="java.lang.NullPointerException">
      <![CDATA[java.lang.NullPointerException
	at tests.TestCases.findProperty(TestCases.java:102)
... Removed 24 stack frames]]>
    </failure>
  </testcase> <!-- findProperty -->
  <testcase classname="tests.TestCases" name="AgentDetails" time="0.003">
    <failure type="java.lang.NullPointerException">
      <![CDATA[java.lang.NullPointerException
	at tests.TestCases.AgentDetails(TestCases.java:110)
... Removed 24 stack frames]]>
    </failure>
  </testcase> <!-- AgentDetails -->
  <testcase classname="tests.TestCases" name="verifyAgent" time="0.003">
    <failure type="java.lang.NullPointerException">
      <![CDATA[java.lang.NullPointerException
	at tests.TestCases.verifyAgent(TestCases.java:120)
... Removed 24 stack frames]]>
    </failure>
  </testcase> <!-- verifyAgent -->
  <testcase classname="tests.TestCases" name="tearDown" time="0.849"/>
</testsuite> <!-- ChromeBrowserTest -->
